# JRE version: Java(TM) SE Runtime Environment (8.0_181-b13) (build 1.8.0_181-b13)
# Java VM: Java HotSpot(TM) 64-Bit Server VM (25.181-b13 mixed mode windows-amd64 compressed oops)
Heap:
 PSYoungGen      total 284160K, used 113123K [0x0000000776000000, 0x0000000789680000, 0x00000007c0000000)
  eden space 271872K, 37% used [0x0000000776000000,0x000000077c27c648,0x0000000786980000)
  from space 12288K, 99% used [0x0000000786980000,0x000000078757c870,0x0000000787580000)
  to   space 11264K, 0% used [0x0000000787580000,0x0000000787580000,0x0000000788080000)
 ParOldGen       total 68608K, used 23427K [0x00000006e2000000, 0x00000006e6300000, 0x0000000776000000)
  object space 68608K, 34% used [0x00000006e2000000,0x00000006e36e0d00,0x00000006e6300000)
 Metaspace       used 46861K, capacity 49256K, committed 49536K, reserved 1091584K
  class space    used 6274K, capacity 6739K, committed 6784K, reserved 1048576K
GC Heap History (10 events):
Event: 9.910 GC heap before
{Heap before GC invocations=9 (full 1):
 PSYoungGen      total 111104K, used 101888K [0x0000000776000000, 0x0000000783900000, 0x00000007c0000000)
  eden space 101888K, 100% used [0x0000000776000000,0x000000077c380000,0x000000077c380000)
  from space 9216K, 0% used [0x000000077c380000,0x000000077c380000,0x000000077cc80000)
  to   space 9216K, 0% used [0x0000000783000000,0x0000000783000000,0x0000000783900000)
 ParOldGen       total 68608K, used 8221K [0x00000006e2000000, 0x00000006e6300000, 0x0000000776000000)
  object space 68608K, 11% used [0x00000006e2000000,0x00000006e2807678,0x00000006e6300000)
 Metaspace       used 25266K, capacity 26248K, committed 26496K, reserved 1073152K
  class space    used 3390K, capacity 3633K, committed 3712K, reserved 1048576K
Event: 9.927 GC heap after
Heap after GC invocations=9 (full 1):
 PSYoungGen      total 192000K, used 6496K [0x0000000776000000, 0x0000000783680000, 0x00000007c0000000)
  eden space 185344K, 0% used [0x0000000776000000,0x0000000776000000,0x0000000781500000)
  from space 6656K, 97% used [0x0000000783000000,0x0000000783658398,0x0000000783680000)
  to   space 9216K, 0% used [0x0000000782480000,0x0000000782480000,0x0000000782d80000)
 ParOldGen       total 68608K, used 8229K [0x00000006e2000000, 0x00000006e6300000, 0x0000000776000000)
  object space 68608K, 11% used [0x00000006e2000000,0x00000006e2809678,0x00000006e6300000)
 Metaspace       used 25266K, capacity 26248K, committed 26496K, reserved 1073152K
  class space    used 3390K, capacity 3633K, committed 3712K, reserved 1048576K
}
Event: 13.091 GC heap before
{Heap before GC invocations=10 (full 1):
 PSYoungGen      total 192000K, used 191840K [0x0000000776000000, 0x0000000783680000, 0x00000007c0000000)
  eden space 185344K, 100% used [0x0000000776000000,0x0000000781500000,0x0000000781500000)
  from space 6656K, 97% used [0x0000000783000000,0x0000000783658398,0x0000000783680000)
  to   space 9216K, 0% used [0x0000000782480000,0x0000000782480000,0x0000000782d80000)
 ParOldGen       total 68608K, used 8229K [0x00000006e2000000, 0x00000006e6300000, 0x0000000776000000)
  object space 68608K, 11% used [0x00000006e2000000,0x00000006e2809678,0x00000006e6300000)
 Metaspace       used 29559K, capacity 30732K, committed 30976K, reserved 1075200K
  class space    used 4002K, capacity 4248K, committed 4352K, reserved 1048576K
Event: 13.113 GC heap after
Heap after GC invocations=10 (full 1):
 PSYoungGen      total 210432K, used 9198K [0x0000000776000000, 0x0000000788080000, 0x00000007c0000000)
  eden space 201216K, 0% used [0x0000000776000000,0x0000000776000000,0x0000000782480000)
  from space 9216K, 99% used [0x0000000782480000,0x0000000782d7b948,0x0000000782d80000)
  to   space 11264K, 0% used [0x0000000787580000,0x0000000787580000,0x0000000788080000)
 ParOldGen       total 68608K, used 11101K [0x00000006e2000000, 0x00000006e6300000, 0x0000000776000000)
  object space 68608K, 16% used [0x00000006e2000000,0x00000006e2ad7420,0x00000006e6300000)
 Metaspace       used 29559K, capacity 30732K, committed 30976K, reserved 1075200K
  class space    used 4002K, capacity 4248K, committed 4352K, reserved 1048576K
}
Event: 14.638 GC heap before
{Heap before GC invocations=11 (full 1):
 PSYoungGen      total 210432K, used 90838K [0x0000000776000000, 0x0000000788080000, 0x00000007c0000000)
  eden space 201216K, 40% used [0x0000000776000000,0x000000077afba0b0,0x0000000782480000)
  from space 9216K, 99% used [0x0000000782480000,0x0000000782d7b948,0x0000000782d80000)
  to   space 11264K, 0% used [0x0000000787580000,0x0000000787580000,0x0000000788080000)
 ParOldGen       total 68608K, used 11101K [0x00000006e2000000, 0x00000006e6300000, 0x0000000776000000)
  object space 68608K, 16% used [0x00000006e2000000,0x00000006e2ad7420,0x00000006e6300000)
 Metaspace       used 33696K, capacity 35348K, committed 35456K, reserved 1079296K
  class space    used 4558K, capacity 4918K, committed 4992K, reserved 1048576K
Event: 14.663 GC heap after
Heap after GC invocations=11 (full 1):
 PSYoungGen      total 283136K, used 10575K [0x0000000776000000, 0x0000000789680000, 0x00000007c0000000)
  eden space 271872K, 0% used [0x0000000776000000,0x0000000776000000,0x0000000786980000)
  from space 11264K, 93% used [0x0000000787580000,0x0000000787fd3d68,0x0000000788080000)
  to   space 12288K, 0% used [0x0000000786980000,0x0000000786980000,0x0000000787580000)
 ParOldGen       total 68608K, used 13209K [0x00000006e2000000, 0x00000006e6300000, 0x0000000776000000)
  object space 68608K, 19% used [0x00000006e2000000,0x00000006e2ce6470,0x00000006e6300000)
 Metaspace       used 33696K, capacity 35348K, committed 35456K, reserved 1079296K
  class space    used 4558K, capacity 4918K, committed 4992K, reserved 1048576K
}
Event: 14.663 GC heap before
{Heap before GC invocations=12 (full 2):
 PSYoungGen      total 283136K, used 10575K [0x0000000776000000, 0x0000000789680000, 0x00000007c0000000)
  eden space 271872K, 0% used [0x0000000776000000,0x0000000776000000,0x0000000786980000)
  from space 11264K, 93% used [0x0000000787580000,0x0000000787fd3d68,0x0000000788080000)
  to   space 12288K, 0% used [0x0000000786980000,0x0000000786980000,0x0000000787580000)
 ParOldGen       total 68608K, used 13209K [0x00000006e2000000, 0x00000006e6300000, 0x0000000776000000)
  object space 68608K, 19% used [0x00000006e2000000,0x00000006e2ce6470,0x00000006e6300000)
 Metaspace       used 33696K, capacity 35348K, committed 35456K, reserved 1079296K
  class space    used 4558K, capacity 4918K, committed 4992K, reserved 1048576K
Event: 14.806 GC heap after
Heap after GC invocations=12 (full 2):
 PSYoungGen      total 283136K, used 0K [0x0000000776000000, 0x0000000789680000, 0x00000007c0000000)
  eden space 271872K, 0% used [0x0000000776000000,0x0000000776000000,0x0000000786980000)
  from space 11264K, 0% used [0x0000000787580000,0x0000000787580000,0x0000000788080000)
  to   space 12288K, 0% used [0x0000000786980000,0x0000000786980000,0x0000000787580000)
 ParOldGen       total 68608K, used 17720K [0x00000006e2000000, 0x00000006e6300000, 0x0000000776000000)
  object space 68608K, 25% used [0x00000006e2000000,0x00000006e314e168,0x00000006e6300000)
 Metaspace       used 33696K, capacity 35348K, committed 35456K, reserved 1079296K
  class space    used 4558K, capacity 4918K, committed 4992K, reserved 1048576K
}
Event: 20.210 GC heap before
{Heap before GC invocations=13 (full 2):
 PSYoungGen      total 283136K, used 271872K [0x0000000776000000, 0x0000000789680000, 0x00000007c0000000)
  eden space 271872K, 100% used [0x0000000776000000,0x0000000786980000,0x0000000786980000)
  from space 11264K, 0% used [0x0000000787580000,0x0000000787580000,0x0000000788080000)
  to   space 12288K, 0% used [0x0000000786980000,0x0000000786980000,0x0000000787580000)
 ParOldGen       total 68608K, used 17720K [0x00000006e2000000, 0x00000006e6300000, 0x0000000776000000)
  object space 68608K, 25% used [0x00000006e2000000,0x00000006e314e168,0x00000006e6300000)
 Metaspace       used 44612K, capacity 46744K, committed 46848K, reserved 1089536K
  class space    used 5934K, capacity 6347K, committed 6400K, reserved 1048576K
Event: 20.235 GC heap after
Heap after GC invocations=13 (full 2):
 PSYoungGen      total 284160K, used 12274K [0x0000000776000000, 0x0000000789680000, 0x00000007c0000000)
  eden space 271872K, 0% used [0x0000000776000000,0x0000000776000000,0x0000000786980000)
  from space 12288K, 99% used [0x0000000786980000,0x000000078757c870,0x0000000787580000)
  to   space 11264K, 0% used [0x0000000787580000,0x0000000787580000,0x0000000788080000)
 ParOldGen       total 68608K, used 23427K [0x00000006e2000000, 0x00000006e6300000, 0x0000000776000000)
  object space 68608K, 34% used [0x00000006e2000000,0x00000006e36e0d00,0x00000006e6300000)
 Metaspace       used 44612K, capacity 46744K, committed 46848K, reserved 1089536K
  class space    used 5934K, capacity 6347K, committed 6400K, reserved 1048576K
}

